c:\users\ash52\desktop\traygameserver\x64\debug\traycommon.pdb
c:\users\ash52\desktop\traygameserver\x64\debug\traycommon.idb
c:\users\ash52\desktop\traygameserver\traycommon\x64\debug\trayserver.obj
c:\users\ash52\desktop\traygameserver\traycommon\x64\debug\session.obj
c:\users\ash52\desktop\traygameserver\traycommon\x64\debug\trayclient.obj
c:\users\ash52\desktop\traygameserver\x64\debug\traycommon.lib
c:\users\ash52\desktop\traygameserver\traycommon\x64\debug\log.obj
c:\users\ash52\desktop\traygameserver\traycommon\x64\debug\vc142.idb
c:\users\ash52\desktop\traygameserver\traycommon\x64\debug\vc142.pdb
c:\users\ash52\desktop\traygameserver\traycommon\x64\debug\traycommon.tlog\cl.command.1.tlog
c:\users\ash52\desktop\traygameserver\traycommon\x64\debug\traycommon.tlog\cl.write.1.tlog
c:\users\ash52\desktop\traygameserver\traycommon\x64\debug\traycommon.tlog\lib-link.read.1.tlog
c:\users\ash52\desktop\traygameserver\traycommon\x64\debug\traycommon.tlog\lib-link.write.1.tlog
c:\users\ash52\desktop\traygameserver\traycommon\x64\debug\traycommon.tlog\lib.command.1.tlog
c:\users\ash52\desktop\traygameserver\traycommon\x64\debug\traycommon.tlog\link-cvtres.read.1.tlog
c:\users\ash52\desktop\traygameserver\traycommon\x64\debug\traycommon.tlog\link-cvtres.write.1.tlog
c:\users\ash52\desktop\traygameserver\traycommon\x64\debug\traycommon.tlog\link-rc.read.1.tlog
c:\users\ash52\desktop\traygameserver\traycommon\x64\debug\traycommon.tlog\link-rc.write.1.tlog
c:\users\ash52\desktop\traygameserver\traycommon\x64\debug\traycommon.tlog\link.command.1.tlog
c:\users\ash52\desktop\traygameserver\traycommon\x64\debug\traycommon.tlog\link.read.1.tlog
c:\users\ash52\desktop\traygameserver\traycommon\x64\debug\traycommon.tlog\link.write.1.tlog
